\BOOKMARK [1][-]{section.1}{Introduction}{}% 1
\BOOKMARK [1][-]{section.2}{Related Work}{}% 2
\BOOKMARK [1][-]{section.3}{Methodology}{}% 3
\BOOKMARK [2][-]{subsection.3.1}{Data Preprocessing Methods}{section.3}% 4
\BOOKMARK [2][-]{subsection.3.2}{Feature Design and Selection}{section.3}% 5
\BOOKMARK [2][-]{subsection.3.3}{Algorithm Selection}{section.3}% 6
\BOOKMARK [3][-]{subsubsection.3.3.1}{Baseline: Gaussian Naive Bayes}{subsection.3.3}% 7
\BOOKMARK [3][-]{subsubsection.3.3.2}{Neural Net}{subsection.3.3}% 8
\BOOKMARK [3][-]{subsubsection.3.3.3}{Linear SVM }{subsection.3.3}% 9
\BOOKMARK [3][-]{subsubsection.3.3.4}{Open: XXX}{subsection.3.3}% 10
\BOOKMARK [2][-]{subsection.3.4}{Optimization}{section.3}% 11
\BOOKMARK [1][-]{section.4}{Testing and Validation Results}{}% 12
\BOOKMARK [2][-]{subsection.4.1}{Parameter Selection}{section.4}% 13
\BOOKMARK [3][-]{subsubsection.4.1.1}{Baseline: Naive Bayes}{subsection.4.1}% 14
\BOOKMARK [3][-]{subsubsection.4.1.2}{Neural Net}{subsection.4.1}% 15
\BOOKMARK [3][-]{subsubsection.4.1.3}{Linear SVM }{subsection.4.1}% 16
\BOOKMARK [3][-]{subsubsection.4.1.4}{Open: XXX}{subsection.4.1}% 17
\BOOKMARK [2][-]{subsection.4.2}{Testing Results Analysis}{section.4}% 18
\BOOKMARK [3][-]{subsubsection.4.2.1}{Baseline: Naive Bayes}{subsection.4.2}% 19
\BOOKMARK [3][-]{subsubsection.4.2.2}{Neural Net}{subsection.4.2}% 20
\BOOKMARK [3][-]{subsubsection.4.2.3}{Linear SVM }{subsection.4.2}% 21
\BOOKMARK [3][-]{subsubsection.4.2.4}{Open: XXX}{subsection.4.2}% 22
\BOOKMARK [1][-]{section.5}{Discussion}{}% 23
\BOOKMARK [1][-]{section.6}{References}{}% 24
